0 info it worked if it ends with ok
1 verbose cli [ 'C:\\Program Files (x86)\\nodejs\\node.exe',
1 verbose cli   'C:\\Program Files (x86)\\nodejs\\node_modules\\npm\\bin\\npm-cli.js',
1 verbose cli   'install',
1 verbose cli   'grunt-cssmin' ]
2 info using npm@2.11.2
3 info using node@v0.12.5
4 verbose install initial load of C:\Users\swurve\Documents\GitHub\TopHaus\frontend\package.json
5 verbose installManyTop reading scoped package data from C:\Users\swurve\Documents\GitHub\TopHaus\frontend\node_modules\angular\package.json
6 verbose installManyTop reading scoped package data from C:\Users\swurve\Documents\GitHub\TopHaus\frontend\node_modules\angular-animate\package.json
7 verbose installManyTop reading scoped package data from C:\Users\swurve\Documents\GitHub\TopHaus\frontend\node_modules\angular-aria\package.json
8 verbose installManyTop reading scoped package data from C:\Users\swurve\Documents\GitHub\TopHaus\frontend\node_modules\angular-material\package.json
9 verbose installManyTop reading scoped package data from C:\Users\swurve\Documents\GitHub\TopHaus\frontend\node_modules\grunt\package.json
10 verbose installManyTop reading scoped package data from C:\Users\swurve\Documents\GitHub\TopHaus\frontend\node_modules\grunt-angular-templates\package.json
11 verbose installManyTop reading scoped package data from C:\Users\swurve\Documents\GitHub\TopHaus\frontend\node_modules\grunt-autoprefixer\package.json
12 verbose installManyTop reading scoped package data from C:\Users\swurve\Documents\GitHub\TopHaus\frontend\node_modules\grunt-cdnify\package.json
13 verbose installManyTop reading scoped package data from C:\Users\swurve\Documents\GitHub\TopHaus\frontend\node_modules\grunt-cli\package.json
14 verbose installManyTop reading scoped package data from C:\Users\swurve\Documents\GitHub\TopHaus\frontend\node_modules\grunt-concurrent\package.json
15 verbose installManyTop reading scoped package data from C:\Users\swurve\Documents\GitHub\TopHaus\frontend\node_modules\grunt-contrib-clean\package.json
16 verbose installManyTop reading scoped package data from C:\Users\swurve\Documents\GitHub\TopHaus\frontend\node_modules\grunt-contrib-compass\package.json
17 verbose installManyTop reading scoped package data from C:\Users\swurve\Documents\GitHub\TopHaus\frontend\node_modules\grunt-contrib-concat\package.json
18 verbose installManyTop reading scoped package data from C:\Users\swurve\Documents\GitHub\TopHaus\frontend\node_modules\grunt-contrib-connect\package.json
19 verbose installManyTop reading scoped package data from C:\Users\swurve\Documents\GitHub\TopHaus\frontend\node_modules\grunt-contrib-copy\package.json
20 verbose installManyTop reading scoped package data from C:\Users\swurve\Documents\GitHub\TopHaus\frontend\node_modules\grunt-contrib-cssmin\package.json
21 verbose installManyTop reading scoped package data from C:\Users\swurve\Documents\GitHub\TopHaus\frontend\node_modules\grunt-contrib-htmlmin\package.json
22 verbose installManyTop reading scoped package data from C:\Users\swurve\Documents\GitHub\TopHaus\frontend\node_modules\grunt-contrib-imagemin\package.json
23 verbose installManyTop reading scoped package data from C:\Users\swurve\Documents\GitHub\TopHaus\frontend\node_modules\grunt-contrib-jshint\package.json
24 verbose installManyTop reading scoped package data from C:\Users\swurve\Documents\GitHub\TopHaus\frontend\node_modules\grunt-contrib-uglify\package.json
25 verbose installManyTop reading scoped package data from C:\Users\swurve\Documents\GitHub\TopHaus\frontend\node_modules\grunt-contrib-watch\package.json
26 verbose installManyTop reading scoped package data from C:\Users\swurve\Documents\GitHub\TopHaus\frontend\node_modules\grunt-filerev\package.json
27 verbose installManyTop reading scoped package data from C:\Users\swurve\Documents\GitHub\TopHaus\frontend\node_modules\grunt-google-cdn\package.json
28 verbose installManyTop reading scoped package data from C:\Users\swurve\Documents\GitHub\TopHaus\frontend\node_modules\grunt-karma\package.json
29 verbose installManyTop reading scoped package data from C:\Users\swurve\Documents\GitHub\TopHaus\frontend\node_modules\grunt-newer\package.json
30 verbose installManyTop reading scoped package data from C:\Users\swurve\Documents\GitHub\TopHaus\frontend\node_modules\grunt-ng-annotate\package.json
31 verbose installManyTop reading scoped package data from C:\Users\swurve\Documents\GitHub\TopHaus\frontend\node_modules\grunt-svgmin\package.json
32 verbose installManyTop reading scoped package data from C:\Users\swurve\Documents\GitHub\TopHaus\frontend\node_modules\grunt-usemin\package.json
33 verbose installManyTop reading scoped package data from C:\Users\swurve\Documents\GitHub\TopHaus\frontend\node_modules\grunt-wiredep\package.json
34 verbose installManyTop reading scoped package data from C:\Users\swurve\Documents\GitHub\TopHaus\frontend\node_modules\jasmine-core\package.json
35 verbose installManyTop reading scoped package data from C:\Users\swurve\Documents\GitHub\TopHaus\frontend\node_modules\jit-grunt\package.json
36 verbose installManyTop reading scoped package data from C:\Users\swurve\Documents\GitHub\TopHaus\frontend\node_modules\jshint-stylish\package.json
37 verbose installManyTop reading scoped package data from C:\Users\swurve\Documents\GitHub\TopHaus\frontend\node_modules\karma\package.json
38 verbose installManyTop reading scoped package data from C:\Users\swurve\Documents\GitHub\TopHaus\frontend\node_modules\karma-jasmine\package.json
39 verbose installManyTop reading scoped package data from C:\Users\swurve\Documents\GitHub\TopHaus\frontend\node_modules\karma-phantomjs-launcher\package.json
40 verbose installManyTop reading scoped package data from C:\Users\swurve\Documents\GitHub\TopHaus\frontend\node_modules\phantomjs\package.json
41 verbose installManyTop reading scoped package data from C:\Users\swurve\Documents\GitHub\TopHaus\frontend\node_modules\time-grunt\package.json
42 info package.json angular-material@0.11.4 No license field.
43 info package.json grunt@0.4.5 No license field.
44 info package.json grunt-angular-templates@0.5.7 No license field.
45 info package.json grunt-contrib-clean@0.6.0 No license field.
46 info package.json grunt-contrib-concat@0.5.1 No license field.
47 info package.json grunt-contrib-connect@0.9.0 No license field.
48 info package.json grunt-contrib-copy@0.7.0 No license field.
49 info package.json grunt-contrib-cssmin@0.12.3 No license field.
50 info package.json grunt-contrib-htmlmin@0.4.0 No license field.
51 info package.json grunt-contrib-imagemin@0.9.4 No license field.
52 info package.json grunt-contrib-uglify@0.7.0 No license field.
53 info package.json grunt-contrib-watch@0.6.1 No license field.
54 info package.json grunt-filerev@2.3.1 license should be a valid SPDX license expression
55 info package.json grunt-google-cdn@0.4.3 license should be a valid SPDX license expression
56 info package.json grunt-wiredep@2.0.0 No license field.
57 info package.json grunt-svgmin@2.0.1 No license field.
58 info package.json grunt-cli@0.1.13 No license field.
59 verbose readDependencies loading dependencies from C:\Users\swurve\Documents\GitHub\TopHaus\frontend\package.json
60 silly cache add args [ 'grunt-cssmin', null ]
61 verbose cache add spec grunt-cssmin
62 silly cache add parsed spec { raw: 'grunt-cssmin',
62 silly cache add   scope: null,
62 silly cache add   name: 'grunt-cssmin',
62 silly cache add   rawSpec: '',
62 silly cache add   spec: '*',
62 silly cache add   type: 'range' }
63 silly addNamed grunt-cssmin@*
64 verbose addNamed "*" is a valid semver range for grunt-cssmin
65 silly addNameRange { name: 'grunt-cssmin', range: '*', hasData: false }
66 silly mapToRegistry name grunt-cssmin
67 silly mapToRegistry using default registry
68 silly mapToRegistry registry https://registry.npmjs.org/
69 silly mapToRegistry uri https://registry.npmjs.org/grunt-cssmin
70 verbose addNameRange registry:https://registry.npmjs.org/grunt-cssmin not in flight; fetching
71 verbose request uri https://registry.npmjs.org/grunt-cssmin
72 verbose request no auth needed
73 info attempt registry request try #1 at 8:20:24 PM
74 verbose request id bd98ad505a41fa25
75 http request GET https://registry.npmjs.org/grunt-cssmin
76 http 404 https://registry.npmjs.org/grunt-cssmin
77 verbose headers { 'content-type': 'application/json',
77 verbose headers   'cache-control': 'max-age=0',
77 verbose headers   'content-length': '2',
77 verbose headers   'accept-ranges': 'bytes',
77 verbose headers   date: 'Tue, 01 Dec 2015 01:21:04 GMT',
77 verbose headers   via: '1.1 varnish',
77 verbose headers   age: '0',
77 verbose headers   connection: 'keep-alive',
77 verbose headers   'x-served-by': 'cache-lax1429-LAX',
77 verbose headers   'x-cache': 'MISS',
77 verbose headers   'x-cache-hits': '0',
77 verbose headers   'x-timer': 'S1448932864.485778,VS0,VE84' }
78 silly get cb [ 404,
78 silly get   { 'content-type': 'application/json',
78 silly get     'cache-control': 'max-age=0',
78 silly get     'content-length': '2',
78 silly get     'accept-ranges': 'bytes',
78 silly get     date: 'Tue, 01 Dec 2015 01:21:04 GMT',
78 silly get     via: '1.1 varnish',
78 silly get     age: '0',
78 silly get     connection: 'keep-alive',
78 silly get     'x-served-by': 'cache-lax1429-LAX',
78 silly get     'x-cache': 'MISS',
78 silly get     'x-cache-hits': '0',
78 silly get     'x-timer': 'S1448932864.485778,VS0,VE84' } ]
79 verbose stack Error: Registry returned 404 for GET on https://registry.npmjs.org/grunt-cssmin
79 verbose stack     at CachingRegistryClient.<anonymous> (C:\Program Files (x86)\nodejs\node_modules\npm\node_modules\npm-registry-client\lib\request.js:239:14)
79 verbose stack     at Request._callback (C:\Program Files (x86)\nodejs\node_modules\npm\node_modules\npm-registry-client\lib\request.js:170:14)
79 verbose stack     at Request.self.callback (C:\Program Files (x86)\nodejs\node_modules\npm\node_modules\request\request.js:354:22)
79 verbose stack     at Request.emit (events.js:110:17)
79 verbose stack     at Request.<anonymous> (C:\Program Files (x86)\nodejs\node_modules\npm\node_modules\request\request.js:1207:14)
79 verbose stack     at Request.emit (events.js:129:20)
79 verbose stack     at IncomingMessage.<anonymous> (C:\Program Files (x86)\nodejs\node_modules\npm\node_modules\request\request.js:1153:12)
79 verbose stack     at IncomingMessage.emit (events.js:129:20)
79 verbose stack     at _stream_readable.js:908:16
79 verbose stack     at process._tickCallback (node.js:355:11)
80 verbose statusCode 404
81 verbose pkgid grunt-cssmin
82 verbose cwd C:\Users\swurve\Documents\GitHub\TopHaus\frontend
83 error Windows_NT 6.3.9600
84 error argv "C:\\Program Files (x86)\\nodejs\\node.exe" "C:\\Program Files (x86)\\nodejs\\node_modules\\npm\\bin\\npm-cli.js" "install" "grunt-cssmin"
85 error node v0.12.5
86 error npm  v2.11.2
87 error code E404
88 error 404 Registry returned 404 for GET on https://registry.npmjs.org/grunt-cssmin
88 error 404
88 error 404 'grunt-cssmin' is not in the npm registry.
88 error 404 You should bug the author to publish it (or use the name yourself!)
88 error 404 It was specified as a dependency of 'frontend'
88 error 404
88 error 404 Note that you can also install from a
88 error 404 tarball, folder, http url, or git url.
89 verbose exit [ 1, true ]
